2024-01-18 12:19:16,063 [INFO] Activator:176 - 


2024-01-18 12:19:16,066 [INFO] Activator:177 - !SESSION log4j initialized
2024-01-18 12:19:19,790 [INFO] LogOutputStream:77 - [STDOUT_REDIRECT] 
2024-01-18 12:19:30,622 [INFO] ApplicationProperties:184 - Using Application install path: C:\ST\STM32CubeIDE_1.14.0\STM32CubeIDE\plugins\com.st.stm32cube.common.mx_6.10.0.202311202037
2024-01-18 12:19:30,647 [INFO] DbMcusXml:78 - Set database path to: C:\ST\STM32CubeIDE_1.14.0\STM32CubeIDE\plugins\com.st.stm32cube.common.mx_6.10.0.202311202037\\db\/mcu/
2024-01-18 12:19:30,648 [INFO] ApiDb:274 - Set plugin database path to: C:\ST\STM32CubeIDE_1.14.0\STM32CubeIDE\plugins\com.st.stm32cube.common.mx_6.10.0.202311202037\\db\/plugins/boardmanager/
2024-01-18 12:19:30,648 [WARN] ApiDb:259 - Overriding images path with different value:  => C:\ST\STM32CubeIDE_1.14.0\STM32CubeIDE\plugins\com.st.stm32cube.common.mx_6.10.0.202311202037\\db\/plugins/mcufinder/images/
2024-01-18 12:19:30,658 [INFO] ApiDb:250 - Set database path to: C:\Users\Michal\.stmcufinder\plugins\mcufinder//mcu/
2024-01-18 12:19:30,660 [INFO] DbMcusAds:125 - Set database path to: C:\Users\Michal\.stmcufinder\plugins\mcufinder//mcu/
2024-01-18 12:19:30,685 [INFO] CrossReferenceDbSqlite:203 - Set database path to: C:\Users\Michal\.stmcufinder\plugins\mcufinder//mcu/cs/
2024-01-18 12:19:30,862 [INFO] RulesReader:64 - Compatibility file has been processed (297 Rules)
2024-01-18 12:19:30,997 [INFO] DbMcusXml:78 - Set database path to: C:\ST\STM32CubeIDE_1.14.0\STM32CubeIDE\plugins\com.st.stm32cube.common.mx_6.10.0.202311202037\\db\/mcu/
2024-01-18 12:19:30,997 [INFO] ApiDb:274 - Set plugin database path to: C:\ST\STM32CubeIDE_1.14.0\STM32CubeIDE\plugins\com.st.stm32cube.common.mx_6.10.0.202311202037\\db\/plugins/boardmanager/
2024-01-18 12:19:30,997 [INFO] ApiDb:261 - Set plugin images path to: C:\ST\STM32CubeIDE_1.14.0\STM32CubeIDE\plugins\com.st.stm32cube.common.mx_6.10.0.202311202037\\db\/plugins/mcufinder/images/
2024-01-18 12:19:30,998 [WARN] DbFile:41 - Overriding database path with different value: C:\Users\Michal\.stmcufinder\plugins\mcufinder/ => C:\Users\Michal\.stmcufinder\plugins\mcufinder
2024-01-18 12:19:30,998 [INFO] ApiDb:250 - Set database path to: C:\Users\Michal\.stmcufinder\plugins\mcufinder//mcu/
2024-01-18 12:19:30,998 [WARN] DbFile:41 - Overriding database path with different value: C:\Users\Michal\.stmcufinder\plugins\mcufinder/ => C:\Users\Michal\.stmcufinder\plugins\mcufinder
2024-01-18 12:19:30,998 [INFO] DbMcusAds:125 - Set database path to: C:\Users\Michal\.stmcufinder\plugins\mcufinder//mcu/
2024-01-18 12:19:30,998 [WARN] DbFile:41 - Overriding database path with different value: C:\Users\Michal\.stmcufinder\plugins\mcufinder/ => C:\Users\Michal\.stmcufinder\plugins\mcufinder
2024-01-18 12:19:30,998 [WARN] DbFile:41 - Overriding database path with different value: C:\Users\Michal\.stmcufinder\plugins\mcufinder/ => C:\Users\Michal\.stmcufinder\plugins\mcufinder
2024-01-18 12:19:30,999 [INFO] CrossReferenceDbSqlite:203 - Set database path to: C:\Users\Michal\.stmcufinder\plugins\mcufinder//mcu/cs/
2024-01-18 12:19:31,120 [INFO] MainPanel:264 - HeapMemory: 268435456
2024-01-18 12:19:31,255 [INFO] DbMcusXml:78 - Set database path to: C:\ST\STM32CubeIDE_1.14.0\STM32CubeIDE\plugins\com.st.stm32cube.common.mx_6.10.0.202311202037\\db\/mcu/
2024-01-18 12:19:31,255 [INFO] ApiDb:274 - Set plugin database path to: C:\ST\STM32CubeIDE_1.14.0\STM32CubeIDE\plugins\com.st.stm32cube.common.mx_6.10.0.202311202037\\db\/plugins/boardmanager/
2024-01-18 12:19:31,256 [INFO] ApiDb:261 - Set plugin images path to: C:\ST\STM32CubeIDE_1.14.0\STM32CubeIDE\plugins\com.st.stm32cube.common.mx_6.10.0.202311202037\\db\/plugins/mcufinder/images/
2024-01-18 12:19:31,256 [WARN] DbFile:41 - Overriding database path with different value: C:\Users\Michal\.stmcufinder\plugins\mcufinder/ => C:\Users\Michal\.stmcufinder\plugins\mcufinder
2024-01-18 12:19:31,256 [INFO] ApiDb:250 - Set database path to: C:\Users\Michal\.stmcufinder\plugins\mcufinder//mcu/
2024-01-18 12:19:31,256 [WARN] DbFile:41 - Overriding database path with different value: C:\Users\Michal\.stmcufinder\plugins\mcufinder/ => C:\Users\Michal\.stmcufinder\plugins\mcufinder
2024-01-18 12:19:31,257 [INFO] DbMcusAds:125 - Set database path to: C:\Users\Michal\.stmcufinder\plugins\mcufinder//mcu/
2024-01-18 12:19:31,257 [WARN] DbFile:41 - Overriding database path with different value: C:\Users\Michal\.stmcufinder\plugins\mcufinder/ => C:\Users\Michal\.stmcufinder\plugins\mcufinder
2024-01-18 12:19:31,257 [WARN] DbFile:41 - Overriding database path with different value: C:\Users\Michal\.stmcufinder\plugins\mcufinder/ => C:\Users\Michal\.stmcufinder\plugins\mcufinder
2024-01-18 12:19:31,257 [INFO] CrossReferenceDbSqlite:203 - Set database path to: C:\Users\Michal\.stmcufinder\plugins\mcufinder//mcu/cs/
2024-01-18 12:19:31,286 [INFO] ApplicationProperties:184 - Using Application install path: C:\ST\STM32CubeIDE_1.14.0\STM32CubeIDE\plugins\com.st.stm32cube.common.mx_6.10.0.202311202037
2024-01-18 12:19:31,288 [INFO] PluginManage:196 - Search for loadable plugins [exclusion list=, ]
2024-01-18 12:19:31,290 [INFO] PluginManage:310 - Check plugin analytics
2024-01-18 12:19:31,549 [INFO] AnalyticsPlugin:253 - Accepted Software Licenses: 
2024-01-18 12:19:31,549 [INFO] AnalyticsPlugin:255 - Accepted CMSIS Pack Licenses: 
2024-01-18 12:19:31,550 [INFO] AnalyticsPlugin:257 - Accepted Firmware Licenses: FW.F7.1.17.0
2024-01-18 12:19:31,553 [INFO] PluginManage:359 - Loaded plugin analytics (category:tool,tabindex:-1)
2024-01-18 12:19:31,554 [INFO] PluginManage:310 - Check plugin cadmodel
2024-01-18 12:19:31,582 [INFO] CADModel:105 - Init CAD model plugin
2024-01-18 12:19:31,582 [INFO] PluginManage:359 - Loaded plugin cadmodel (category:power,tabindex:5)
2024-01-18 12:19:31,583 [INFO] PluginManage:310 - Check plugin clock
2024-01-18 12:19:31,612 [INFO] PluginManage:359 - Loaded plugin clock (category:base,tabindex:2)
2024-01-18 12:19:31,613 [INFO] PluginManage:310 - Check plugin ddr
2024-01-18 12:19:31,616 [INFO] PluginManage:359 - Loaded plugin ddr (category:tool,tabindex:6)
2024-01-18 12:19:31,616 [INFO] PluginManage:310 - Check plugin filemanager
2024-01-18 12:19:31,818 [INFO] PluginManage:359 - Loaded plugin filemanager (category:base,tabindex:10)
2024-01-18 12:19:31,818 [INFO] PluginManage:310 - Check plugin ipmanager
2024-01-18 12:19:31,831 [INFO] PluginManage:359 - Loaded plugin ipmanager (category:base,tabindex:5)
2024-01-18 12:19:31,831 [INFO] PluginManage:310 - Check plugin lpbam
2024-01-18 12:19:31,860 [INFO] PluginManage:359 - Loaded plugin lpbam (category:base,tabindex:0)
2024-01-18 12:19:31,861 [INFO] PluginManage:310 - Check plugin memorymap
2024-01-18 12:19:31,898 [INFO] PluginManage:359 - Loaded plugin memorymap (category:base,tabindex:4)
2024-01-18 12:19:31,898 [INFO] PluginManage:310 - Check plugin pinoutandconfiguration
2024-01-18 12:19:31,952 [INFO] PluginManage:359 - Loaded plugin pinoutandconfiguration (category:base,tabindex:1)
2024-01-18 12:19:31,952 [INFO] PluginManage:310 - Check plugin pinoutconfig
2024-01-18 12:19:32,102 [WARN] SupportedApi:132 - Cannot load RTOS API schema: s4s-elt-must-match.1: The content of 'definitions' must match (annotation?, (simpleType | complexType)?, (unique | key | keyref)*)). A problem was found starting at: attribute.
2024-01-18 12:19:32,308 [INFO] PluginManage:359 - Loaded plugin pinoutconfig (category:base,tabindex:0)
2024-01-18 12:19:32,309 [INFO] PluginManage:310 - Check plugin power
2024-01-18 12:19:32,338 [INFO] PluginManage:359 - Loaded plugin power (category:power,tabindex:4)
2024-01-18 12:19:32,338 [INFO] PluginManage:310 - Check plugin projectmanager
2024-01-18 12:19:32,364 [INFO] PluginManage:359 - Loaded plugin projectmanager (category:projectmanager,tabindex:3)
2024-01-18 12:19:32,364 [INFO] PluginManage:310 - Check plugin thirdparty
2024-01-18 12:19:32,774 [INFO] PluginManage:359 - Loaded plugin thirdparty (category:base,tabindex:-1)
2024-01-18 12:19:32,774 [INFO] PluginManage:310 - Check plugin tools
2024-01-18 12:19:32,774 [WARN] IntegrityCheckThread:84 - waiting for thirdparty lock release [integrity check]
2024-01-18 12:19:32,775 [INFO] IntegrityCheckThread:86 - entering critical section [integrity check]
2024-01-18 12:19:32,775 [INFO] ThirdPartyUpdaterWithRetryManager:70 - Updater plugin not ready yet. [1/15]
2024-01-18 12:19:32,833 [INFO] PluginManage:359 - Loaded plugin tools (category:base,tabindex:7)
2024-01-18 12:19:32,833 [INFO] PluginManage:310 - Check plugin tutovideos
2024-01-18 12:19:33,143 [INFO] PluginManage:359 - Loaded plugin tutovideos (category:base,tabindex:-1)
2024-01-18 12:19:33,144 [INFO] PluginManage:310 - Check plugin updater
2024-01-18 12:19:33,159 [INFO] PluginManage:359 - Loaded plugin updater (category:base,tabindex:12)
2024-01-18 12:19:33,159 [INFO] PluginManage:310 - Check plugin userauth
2024-01-18 12:19:33,166 [INFO] UserAuth:114 - Init User Auth plugin
2024-01-18 12:19:33,166 [INFO] PluginManage:359 - Loaded plugin userauth (category:base,tabindex:14)
2024-01-18 12:19:33,167 [INFO] PluginManage:283 - PluginManage : Loaded plugins [17]
2024-01-18 12:19:33,499 [INFO] PinOutPanel:1499 - setPackage(No Configuration,No Configuration)
2024-01-18 12:19:33,613 [INFO] CADModel:165 - CPN selected for project level
2024-01-18 12:19:33,614 [INFO] CADModel:114 - Register for checkConnection events
2024-01-18 12:19:33,653 [INFO] IPUIPlugin:80 - create IPUIPlugin
2024-01-18 12:19:33,654 [INFO] PluginManager:220 - loadIPPluginJar : add adc
2024-01-18 12:19:33,713 [INFO] IPUIPlugin:80 - create IPUIPlugin
2024-01-18 12:19:33,714 [INFO] PluginManager:220 - loadIPPluginJar : add aes
2024-01-18 12:19:33,786 [INFO] IPUIPlugin:80 - create IPUIPlugin
2024-01-18 12:19:33,786 [INFO] PluginManager:220 - loadIPPluginJar : add can
2024-01-18 12:19:33,825 [INFO] IPUIPlugin:80 - create IPUIPlugin
2024-01-18 12:19:33,825 [INFO] PluginManager:220 - loadIPPluginJar : add comp
2024-01-18 12:19:33,882 [INFO] IPUIPlugin:80 - create IPUIPlugin
2024-01-18 12:19:33,882 [INFO] PluginManager:220 - loadIPPluginJar : add cryp
2024-01-18 12:19:33,933 [INFO] IPUIPlugin:80 - create IPUIPlugin
2024-01-18 12:19:33,933 [INFO] PluginManager:220 - loadIPPluginJar : add dfsdm
2024-01-18 12:19:33,963 [INFO] IPUIPlugin:80 - create IPUIPlugin
2024-01-18 12:19:33,964 [INFO] PluginManager:220 - loadIPPluginJar : add dma
2024-01-18 12:19:34,036 [INFO] IPUIPlugin:80 - create IPUIPlugin
2024-01-18 12:19:34,036 [INFO] PluginManager:220 - loadIPPluginJar : add dma3
2024-01-18 12:19:34,071 [INFO] IPUIPlugin:80 - create IPUIPlugin
2024-01-18 12:19:34,071 [INFO] PluginManager:220 - loadIPPluginJar : add fatfs
2024-01-18 12:19:34,154 [INFO] IPUIPlugin:80 - create IPUIPlugin
2024-01-18 12:19:34,154 [INFO] PluginManager:220 - loadIPPluginJar : add fmc
2024-01-18 12:19:34,186 [INFO] IPUIPlugin:80 - create IPUIPlugin
2024-01-18 12:19:34,186 [INFO] PluginManager:220 - loadIPPluginJar : add freertos
2024-01-18 12:19:34,225 [INFO] IPUIPlugin:80 - create IPUIPlugin
2024-01-18 12:19:34,225 [INFO] PluginManager:220 - loadIPPluginJar : add genericplugin
2024-01-18 12:19:34,391 [INFO] IPUIPlugin:80 - create IPUIPlugin
2024-01-18 12:19:34,391 [INFO] PluginManager:220 - loadIPPluginJar : add gfxmmu
2024-01-18 12:19:34,616 [INFO] IPUIPlugin:80 - create IPUIPlugin
2024-01-18 12:19:34,617 [INFO] PluginManager:220 - loadIPPluginJar : add gic
2024-01-18 12:19:34,637 [INFO] IPUIPlugin:80 - create IPUIPlugin
2024-01-18 12:19:34,637 [INFO] PluginManager:220 - loadIPPluginJar : add gpio
2024-01-18 12:19:34,781 [INFO] IPUIPlugin:80 - create IPUIPlugin
2024-01-18 12:19:34,781 [INFO] PluginManager:220 - loadIPPluginJar : add gtzc
2024-01-18 12:19:34,835 [INFO] IPUIPlugin:80 - create IPUIPlugin
2024-01-18 12:19:34,836 [INFO] PluginManager:220 - loadIPPluginJar : add hash
2024-01-18 12:19:34,926 [INFO] IPUIPlugin:80 - create IPUIPlugin
2024-01-18 12:19:34,926 [INFO] PluginManager:220 - loadIPPluginJar : add i2c
2024-01-18 12:19:34,989 [INFO] IPUIPlugin:80 - create IPUIPlugin
2024-01-18 12:19:34,989 [INFO] PluginManager:220 - loadIPPluginJar : add i2s
2024-01-18 12:19:35,059 [INFO] IPUIPlugin:80 - create IPUIPlugin
2024-01-18 12:19:35,059 [INFO] PluginManager:220 - loadIPPluginJar : add i3c
2024-01-18 12:19:35,237 [INFO] IPUIPlugin:80 - create IPUIPlugin
2024-01-18 12:19:35,238 [INFO] PluginManager:220 - loadIPPluginJar : add ipddr
2024-01-18 12:19:35,383 [INFO] IPUIPlugin:80 - create IPUIPlugin
2024-01-18 12:19:35,383 [INFO] PluginManager:220 - loadIPPluginJar : add linkedlist
2024-01-18 12:19:35,441 [INFO] IPUIPlugin:80 - create IPUIPlugin
2024-01-18 12:19:35,442 [INFO] PluginManager:220 - loadIPPluginJar : add lorawan
2024-01-18 12:19:35,502 [INFO] IPUIPlugin:80 - create IPUIPlugin
2024-01-18 12:19:35,502 [INFO] PluginManager:220 - loadIPPluginJar : add ltdc
2024-01-18 12:19:35,531 [INFO] IPUIPlugin:80 - create IPUIPlugin
2024-01-18 12:19:35,531 [INFO] PluginManager:220 - loadIPPluginJar : add mdma
2024-01-18 12:19:35,557 [INFO] IPUIPlugin:80 - create IPUIPlugin
2024-01-18 12:19:35,557 [INFO] PluginManager:220 - loadIPPluginJar : add nvic
2024-01-18 12:19:35,630 [INFO] IPUIPlugin:80 - create IPUIPlugin
2024-01-18 12:19:35,631 [INFO] PluginManager:220 - loadIPPluginJar : add opamp
2024-01-18 12:19:35,735 [INFO] IPUIPlugin:80 - create IPUIPlugin
2024-01-18 12:19:35,735 [INFO] PluginManager:220 - loadIPPluginJar : add openamp
2024-01-18 12:19:35,776 [INFO] ThirdPartyUpdaterWithRetryManager:70 - Updater plugin not ready yet. [2/15]
2024-01-18 12:19:35,809 [INFO] IPUIPlugin:80 - create IPUIPlugin
2024-01-18 12:19:35,809 [INFO] PluginManager:220 - loadIPPluginJar : add pdm2pcm
2024-01-18 12:19:35,834 [INFO] IPUIPlugin:80 - create IPUIPlugin
2024-01-18 12:19:35,837 [INFO] PluginManager:220 - loadIPPluginJar : add plateformsettings
2024-01-18 12:19:35,871 [INFO] IPUIPlugin:80 - create IPUIPlugin
2024-01-18 12:19:35,872 [INFO] PluginManager:220 - loadIPPluginJar : add quadspi
2024-01-18 12:19:35,893 [INFO] IPUIPlugin:80 - create IPUIPlugin
2024-01-18 12:19:35,893 [INFO] PluginManager:220 - loadIPPluginJar : add resmgrutility
2024-01-18 12:19:35,970 [INFO] IPUIPlugin:80 - create IPUIPlugin
2024-01-18 12:19:35,970 [INFO] PluginManager:220 - loadIPPluginJar : add sai
2024-01-18 12:19:36,029 [INFO] IPUIPlugin:80 - create IPUIPlugin
2024-01-18 12:19:36,029 [INFO] PluginManager:220 - loadIPPluginJar : add spi
2024-01-18 12:19:36,139 [INFO] IPUIPlugin:80 - create IPUIPlugin
2024-01-18 12:19:36,139 [INFO] PluginManager:220 - loadIPPluginJar : add stm32_wpan
2024-01-18 12:19:36,175 [INFO] IPUIPlugin:80 - create IPUIPlugin
2024-01-18 12:19:36,175 [INFO] PluginManager:220 - loadIPPluginJar : add tim
2024-01-18 12:19:36,263 [INFO] IPUIPlugin:80 - create IPUIPlugin
2024-01-18 12:19:36,263 [INFO] PluginManager:220 - loadIPPluginJar : add touchsensing
2024-01-18 12:19:36,299 [INFO] IPUIPlugin:80 - create IPUIPlugin
2024-01-18 12:19:36,299 [INFO] PluginManager:220 - loadIPPluginJar : add tracer_emb
2024-01-18 12:19:36,335 [INFO] IPUIPlugin:80 - create IPUIPlugin
2024-01-18 12:19:36,335 [INFO] PluginManager:220 - loadIPPluginJar : add ts
2024-01-18 12:19:36,376 [INFO] IPUIPlugin:80 - create IPUIPlugin
2024-01-18 12:19:36,377 [INFO] PluginManager:220 - loadIPPluginJar : add tsc
2024-01-18 12:19:36,418 [INFO] IPUIPlugin:80 - create IPUIPlugin
2024-01-18 12:19:36,419 [INFO] PluginManager:220 - loadIPPluginJar : add ucpd
2024-01-18 12:19:36,491 [INFO] IPUIPlugin:80 - create IPUIPlugin
2024-01-18 12:19:36,491 [INFO] PluginManager:220 - loadIPPluginJar : add usart
2024-01-18 12:19:36,557 [INFO] IPUIPlugin:80 - create IPUIPlugin
2024-01-18 12:19:36,557 [INFO] PluginManager:220 - loadIPPluginJar : add usbx
2024-01-18 12:19:36,728 [INFO] CADModel:165 - CPN selected for project level
2024-01-18 12:19:36,728 [INFO] CADModel:114 - Register for checkConnection events
2024-01-18 12:19:36,728 [FATAL] Updater:308 - Updater called before beeing initialized
2024-01-18 12:19:36,728 [ERROR] CADModel:125 - Updater not yet initialized, retry later 
2024-01-18 12:19:36,957 [INFO] CADModel:165 - CPN selected for project level
2024-01-18 12:19:36,958 [INFO] CADModel:114 - Register for checkConnection events
2024-01-18 12:19:36,958 [FATAL] Updater:308 - Updater called before beeing initialized
2024-01-18 12:19:36,958 [ERROR] CADModel:125 - Updater not yet initialized, retry later 
2024-01-18 12:19:36,962 [FATAL] Updater:308 - Updater called before beeing initialized
2024-01-18 12:19:37,145 [FATAL] Updater:308 - Updater called before beeing initialized
2024-01-18 12:19:37,167 [INFO] DbMcusAds:53 - JSON generation date=Wed Nov 29 11:52:27 CET 2023 (1701255147349)
2024-01-18 12:19:37,167 [FATAL] Updater:308 - Updater called before beeing initialized
2024-01-18 12:19:37,291 [WARN] DetailPanel:346 - Failed to get advertising image, set to default
2024-01-18 12:19:37,468 [FATAL] Updater:308 - Updater called before beeing initialized
2024-01-18 12:19:37,471 [FATAL] Updater:308 - Updater called before beeing initialized
2024-01-18 12:19:37,471 [FATAL] Updater:308 - Updater called before beeing initialized
2024-01-18 12:19:37,471 [WARN] DetailPanel:346 - Failed to get advertising image, set to default
2024-01-18 12:19:37,472 [FATAL] Updater:308 - Updater called before beeing initialized
2024-01-18 12:19:37,572 [ERROR] Updater:1120 - MainUpdater not yet initialized. External WinMGr cannot be set.
2024-01-18 12:19:37,588 [INFO] Updater:1056 - Updater Version found : 6.10.0
2024-01-18 12:19:37,610 [INFO] ApplicationProperties:184 - Using Application install path: C:\ST\STM32CubeIDE_1.14.0\STM32CubeIDE\plugins\com.st.stm32cube.common.mx_6.10.0.202311202037
2024-01-18 12:19:38,778 [INFO] ThirdPartyUpdaterWithRetryManager:70 - Updater plugin not ready yet. [3/15]
2024-01-18 12:19:39,192 [ERROR] LogOutputStream:75 - [STDERR_REDIRECT] Jan 18, 2024 12:19:39 PM java.util.prefs.WindowsPreferences <init>
2024-01-18 12:19:39,196 [ERROR] LogOutputStream:75 - [STDERR_REDIRECT] WARNING: Could not open/create prefs root node Software\JavaSoft\Prefs at root 0xffffffff80000002. Windows RegCreateKeyEx(...) returned error code 5.
2024-01-18 12:19:39,196 [ERROR] LogOutputStream:75 - [STDERR_REDIRECT] 
2024-01-18 12:19:39,795 [INFO] MainUpdater:2873 - connection check result : 10
2024-01-18 12:19:39,796 [INFO] MainUpdater:290 - Updater Check For Update Now.
2024-01-18 12:19:39,796 [INFO] MicroXplorer:498 - Change Database Version : DB.6.0.100
2024-01-18 12:19:39,834 [INFO] McuFinderGlobals:63 - Set McuFinder mode to 2 (CubeIDE integrated)
2024-01-18 12:19:40,105 [INFO] CheckServerUpdateThread:120 - End of CheckServer Thread
2024-01-18 12:19:40,445 [INFO] UserAuth:404 - Internet connection configuration mode: 1
2024-01-18 12:19:40,477 [INFO] JxBrowserEngine:152 - Initiate JxBrowser Engine with user profile folder
2024-01-18 12:19:42,108 [WARN] PackLoader:240 - Cannot read IP mode file for STMicroelectronics.X-CUBE-SMBUS.2.1.0
2024-01-18 12:19:42,136 [WARN] PackLoader:240 - Cannot read IP mode file for STMicroelectronics.X-CUBE-TOUCHGFX.4.23.0
2024-01-18 12:19:42,220 [WARN] PackLoader:240 - Cannot read IP mode file for STMicroelectronics.X-CUBE-AZRTOS-F7.1.1.0
2024-01-18 12:19:42,256 [WARN] PackLoader:240 - Cannot read IP mode file for STMicroelectronics.FP-SNS-MOTENV1.4.3.2
2024-01-18 12:19:42,281 [WARN] PackLoader:240 - Cannot read IP mode file for STMicroelectronics.FP-SNS-FLIGHT1.5.0.2
2024-01-18 12:19:42,314 [WARN] PackLoader:240 - Cannot read IP mode file for STMicroelectronics.X-CUBE-DISPLAY.3.0.0
2024-01-18 12:19:42,350 [WARN] PackLoader:240 - Cannot read IP mode file for STMicroelectronics.X-CUBE-BLE1.7.0.0
2024-01-18 12:19:42,370 [WARN] PackLoader:240 - Cannot read IP mode file for emotas.I-CUBE-CANOPEN.1.3.0
2024-01-18 12:19:42,389 [WARN] PackLoader:240 - Cannot read IP mode file for STMicroelectronics.FP-SNS-SMARTAG2.1.2.0
2024-01-18 12:19:42,419 [INFO] LogOutputStream:77 - [STDOUT_REDIRECT] 1 : Invalid condition id : UX_CORESTACK_Condition cause : null
2024-01-18 12:19:42,419 [INFO] LogOutputStream:77 - [STDOUT_REDIRECT] 1 : Invalid condition id : UX_CORESTACK_Condition cause : null
2024-01-18 12:19:42,421 [INFO] LogOutputStream:77 - [STDOUT_REDIRECT] 1 : Invalid condition id : UX_CORESTACK_Condition cause : null
2024-01-18 12:19:42,423 [INFO] LogOutputStream:77 - [STDOUT_REDIRECT] 1 : Invalid condition id : UX_CORESTACK_Condition cause : null
2024-01-18 12:19:42,425 [INFO] LogOutputStream:77 - [STDOUT_REDIRECT] 1 : Invalid condition id : UX_CORESTACK_Condition cause : null
2024-01-18 12:19:42,432 [WARN] PackLoader:240 - Cannot read IP mode file for STMicroelectronics.X-CUBE-AZRTOS-WL.2.0.0
2024-01-18 12:19:42,456 [WARN] PackLoader:240 - Cannot read IP mode file for WES.I-CUBE-Cesium.1.3.0
2024-01-18 12:19:42,474 [WARN] PackLoader:240 - Cannot read IP mode file for STMicroelectronics.X-CUBE-BLE2.3.3.0
2024-01-18 12:19:42,494 [WARN] PackLoader:240 - Cannot read IP mode file for STMicroelectronics.X-CUBE-ALGOBUILD.1.3.0
2024-01-18 12:19:42,535 [WARN] PackLoader:240 - Cannot read IP mode file for STMicroelectronics.X-CUBE-AZRTOS-G0.1.1.0
2024-01-18 12:19:42,557 [WARN] PackLoader:240 - Cannot read IP mode file for STMicroelectronics.X-CUBE-NFC4.3.0.0
2024-01-18 12:19:42,582 [WARN] PackLoader:240 - Cannot read IP mode file for STMicroelectronics.X-CUBE-BLEMGR.3.0.0
2024-01-18 12:19:42,601 [WARN] PackLoader:240 - Cannot read IP mode file for STMicroelectronics.FP-ATR-SIGFOX1.3.2.0
2024-01-18 12:19:42,619 [WARN] PackLoader:240 - Cannot read IP mode file for STMicroelectronics.X-CUBE-GNSS1.6.0.0
2024-01-18 12:19:42,675 [WARN] PackLoader:240 - Cannot read IP mode file for STMicroelectronics.X-CUBE-AZRTOS-F4.1.1.0
2024-01-18 12:19:42,708 [WARN] PackLoader:240 - Cannot read IP mode file for wolfSSL.I-CUBE-wolfSSL.5.6.4
2024-01-18 12:19:42,761 [WARN] PackLoader:240 - Cannot read IP mode file for STMicroelectronics.X-CUBE-AZRTOS-L5.2.0.0
2024-01-18 12:19:42,785 [WARN] PackLoader:240 - Cannot read IP mode file for STMicroelectronics.X-CUBE-EEPRMA1.4.2.0
2024-01-18 12:19:42,807 [WARN] PackLoader:240 - Cannot read IP mode file for ITTIA_DB.I-CUBE-ITTIADB.8.8.0
2024-01-18 12:19:42,832 [WARN] PackLoader:240 - Cannot read IP mode file for STMicroelectronics.X-CUBE-NFC7.1.0.1
2024-01-18 12:19:42,854 [WARN] PackLoader:240 - Cannot read IP mode file for STMicroelectronics.X-CUBE-NFC6.3.0.0
2024-01-18 12:19:42,875 [WARN] PackLoader:240 - Cannot read IP mode file for STMicroelectronics.X-CUBE-AI.8.1.0
2024-01-18 12:19:42,924 [WARN] ConditionMgr:438 - getConditionDescription Invalid condition id : LAN8742 Phy interface Condition cause : null
2024-01-18 12:19:42,926 [WARN] PackLoader:240 - Cannot read IP mode file for STMicroelectronics.X-CUBE-AZRTOS-L4.2.0.0
2024-01-18 12:19:42,928 [WARN] ConditionMgr:1039 - genDependencies : Invalid condition id : LAN8742 Phy interface Condition cause : null
2024-01-18 12:19:42,929 [WARN] ConditionMgr:1039 - genDependencies : Invalid condition id : LAN8742 Phy interface Condition cause : null
2024-01-18 12:19:42,930 [WARN] ConditionMgr:1039 - genDependencies : Invalid condition id : LAN8742 Phy interface Condition cause : null
2024-01-18 12:19:42,954 [WARN] PackLoader:240 - Cannot read IP mode file for STMicroelectronics.X-CUBE-SFXS2LP1.4.0.0
2024-01-18 12:19:43,002 [WARN] ConditionMgr:438 - getConditionDescription Invalid condition id : UX DEVICE CLASS RTOS Condition cause : null
2024-01-18 12:19:43,002 [WARN] ConditionMgr:438 - getConditionDescription Invalid condition id : UX DEVICE CLASS RTOS Condition cause : null
2024-01-18 12:19:43,005 [WARN] PackLoader:240 - Cannot read IP mode file for STMicroelectronics.X-CUBE-AZRTOS-WB.2.0.0
2024-01-18 12:19:43,005 [WARN] ConditionMgr:1039 - genDependencies : Invalid condition id : UX DEVICE CLASS RTOS Condition cause : null
2024-01-18 12:19:43,005 [WARN] ConditionMgr:1039 - genDependencies : Invalid condition id : UX DEVICE CLASS RTOS Condition cause : null
2024-01-18 12:19:43,006 [WARN] ConditionMgr:1039 - genDependencies : Invalid condition id : UX DEVICE CLASS RTOS Condition cause : null
2024-01-18 12:19:43,006 [WARN] ConditionMgr:1039 - genDependencies : Invalid condition id : UX DEVICE CLASS RTOS Condition cause : null
2024-01-18 12:19:43,006 [WARN] ConditionMgr:1039 - genDependencies : Invalid condition id : UX DEVICE CLASS RTOS Condition cause : null
2024-01-18 12:19:43,038 [WARN] PackLoader:240 - Cannot read IP mode file for STMicroelectronics.X-CUBE-SUBG2.5.0.0
2024-01-18 12:19:43,080 [WARN] PackLoader:240 - Cannot read IP mode file for STMicroelectronics.X-CUBE-AZRTOS-G4.2.0.0
2024-01-18 12:19:43,112 [WARN] PackLoader:240 - Cannot read IP mode file for Infineon.AIROC-Wi-Fi-Bluetooth-STM32.1.5.1
2024-01-18 12:19:43,135 [WARN] PackLoader:240 - Cannot read IP mode file for STMicroelectronics.FP-SNS-MOTENVWB1.1.3.1
2024-01-18 12:19:43,155 [WARN] PackLoader:240 - Cannot read IP mode file for STMicroelectronics.X-CUBE-ISPU.2.0.0
2024-01-18 12:19:43,231 [WARN] PackLoader:240 - Cannot read IP mode file for STMicroelectronics.X-CUBE-MEMS1.10.0.0
2024-01-18 12:19:43,469 [WARN] PackLoader:240 - Cannot read IP mode file for STMicroelectronics.X-CUBE-FREERTOS.1.1.0
2024-01-18 12:19:43,495 [WARN] PackLoader:240 - Cannot read IP mode file for portGmbH.I-Cube-SoM-uGOAL.1.1.0
2024-01-18 12:19:43,517 [WARN] PackLoader:240 - Cannot read IP mode file for STMicroelectronics.X-CUBE-ALS.1.0.1
2024-01-18 12:19:43,537 [WARN] PackLoader:240 - Cannot read IP mode file for STMicroelectronics.FP-ATR-ASTRA1.2.0.0
2024-01-18 12:19:43,569 [WARN] PackLoader:240 - Cannot read IP mode file for STMicroelectronics.X-CUBE-TOF1.3.4.0
2024-01-18 12:19:43,627 [WARN] PackLoader:240 - Cannot read IP mode file for STMicroelectronics.X-CUBE-AZRTOS-H7.3.2.0
2024-01-18 12:19:43,632 [INFO] ThirdParty:978 - Integrity check success = true
2024-01-18 12:19:43,632 [INFO] IntegrityCheckThread:100 - exiting critical section [integrity check]
2024-01-18 12:19:43,632 [INFO] IntegrityCheckThread:103 - End integrity checks thread
2024-01-18 12:19:44,657 [INFO] WebApp:161 - Instantiating new browser for Auth
2024-01-18 12:19:45,443 [INFO] WebApp:780 - Register for checkConnection events
2024-01-18 12:19:45,444 [INFO] WebApp:414 - Apply proxy settings
2024-01-18 12:19:45,444 [INFO] WebApp:499 - Chromium requires no authentication
2024-01-18 12:19:45,454 [INFO] WebApp:442 - Direct internet connection detected
2024-01-18 12:19:45,700 [INFO] WebApp:192 - Starting web application
2024-01-18 12:19:45,700 [INFO] WebApp:544 - Web application path used C:\ST\STM32CubeIDE_1.14.0\STM32CubeIDE\plugins\com.st.stm32cube.common.mx_6.10.0.202311202037\db\plugins\mcufinder\reactClient1\index.html
2024-01-18 12:20:07,288 [ERROR] LogOutputStream:75 - [STDERR_REDIRECT] SLF4J: Failed to load class "org.slf4j.impl.StaticLoggerBinder".
2024-01-18 12:20:07,290 [ERROR] LogOutputStream:75 - [STDERR_REDIRECT] SLF4J: Defaulting to no-operation (NOP) logger implementation
2024-01-18 12:20:07,292 [ERROR] LogOutputStream:75 - [STDERR_REDIRECT] SLF4J: See http://www.slf4j.org/codes.html#StaticLoggerBinder for further details.
2024-01-18 12:20:49,608 [ERROR] LogOutputStream:75 - [STDERR_REDIRECT] 
2024-01-18 12:20:49,609 [ERROR] LogOutputStream:75 - [STDERR_REDIRECT] 
2024-01-18 12:22:19,265 [INFO] Activator:176 - 


2024-01-18 12:22:19,268 [INFO] Activator:177 - !SESSION log4j initialized
2024-01-18 12:22:23,548 [INFO] LogOutputStream:77 - [STDOUT_REDIRECT] 
2024-01-18 12:22:38,704 [INFO] ApplicationProperties:184 - Using Application install path: C:\ST\STM32CubeIDE_1.14.0\STM32CubeIDE\plugins\com.st.stm32cube.common.mx_6.10.0.202311202037
2024-01-18 12:22:38,726 [INFO] DbMcusXml:78 - Set database path to: C:\ST\STM32CubeIDE_1.14.0\STM32CubeIDE\plugins\com.st.stm32cube.common.mx_6.10.0.202311202037\\db\/mcu/
2024-01-18 12:22:38,727 [INFO] ApiDb:274 - Set plugin database path to: C:\ST\STM32CubeIDE_1.14.0\STM32CubeIDE\plugins\com.st.stm32cube.common.mx_6.10.0.202311202037\\db\/plugins/boardmanager/
2024-01-18 12:22:38,727 [WARN] ApiDb:259 - Overriding images path with different value:  => C:\ST\STM32CubeIDE_1.14.0\STM32CubeIDE\plugins\com.st.stm32cube.common.mx_6.10.0.202311202037\\db\/plugins/mcufinder/images/
2024-01-18 12:22:38,734 [INFO] ApiDb:250 - Set database path to: C:\Users\Michal\.stmcufinder\plugins\mcufinder//mcu/
2024-01-18 12:22:38,736 [INFO] DbMcusAds:125 - Set database path to: C:\Users\Michal\.stmcufinder\plugins\mcufinder//mcu/
2024-01-18 12:22:38,772 [INFO] CrossReferenceDbSqlite:203 - Set database path to: C:\Users\Michal\.stmcufinder\plugins\mcufinder//mcu/cs/
2024-01-18 12:22:38,958 [INFO] RulesReader:64 - Compatibility file has been processed (297 Rules)
2024-01-18 12:22:39,087 [INFO] DbMcusXml:78 - Set database path to: C:\ST\STM32CubeIDE_1.14.0\STM32CubeIDE\plugins\com.st.stm32cube.common.mx_6.10.0.202311202037\\db\/mcu/
2024-01-18 12:22:39,087 [INFO] ApiDb:274 - Set plugin database path to: C:\ST\STM32CubeIDE_1.14.0\STM32CubeIDE\plugins\com.st.stm32cube.common.mx_6.10.0.202311202037\\db\/plugins/boardmanager/
2024-01-18 12:22:39,087 [INFO] ApiDb:261 - Set plugin images path to: C:\ST\STM32CubeIDE_1.14.0\STM32CubeIDE\plugins\com.st.stm32cube.common.mx_6.10.0.202311202037\\db\/plugins/mcufinder/images/
2024-01-18 12:22:39,087 [WARN] DbFile:41 - Overriding database path with different value: C:\Users\Michal\.stmcufinder\plugins\mcufinder/ => C:\Users\Michal\.stmcufinder\plugins\mcufinder
2024-01-18 12:22:39,088 [INFO] ApiDb:250 - Set database path to: C:\Users\Michal\.stmcufinder\plugins\mcufinder//mcu/
2024-01-18 12:22:39,088 [WARN] DbFile:41 - Overriding database path with different value: C:\Users\Michal\.stmcufinder\plugins\mcufinder/ => C:\Users\Michal\.stmcufinder\plugins\mcufinder
2024-01-18 12:22:39,088 [INFO] DbMcusAds:125 - Set database path to: C:\Users\Michal\.stmcufinder\plugins\mcufinder//mcu/
2024-01-18 12:22:39,088 [WARN] DbFile:41 - Overriding database path with different value: C:\Users\Michal\.stmcufinder\plugins\mcufinder/ => C:\Users\Michal\.stmcufinder\plugins\mcufinder
2024-01-18 12:22:39,088 [WARN] DbFile:41 - Overriding database path with different value: C:\Users\Michal\.stmcufinder\plugins\mcufinder/ => C:\Users\Michal\.stmcufinder\plugins\mcufinder
2024-01-18 12:22:39,088 [INFO] CrossReferenceDbSqlite:203 - Set database path to: C:\Users\Michal\.stmcufinder\plugins\mcufinder//mcu/cs/
2024-01-18 12:22:39,193 [INFO] MainPanel:264 - HeapMemory: 268435456
2024-01-18 12:22:39,302 [INFO] DbMcusXml:78 - Set database path to: C:\ST\STM32CubeIDE_1.14.0\STM32CubeIDE\plugins\com.st.stm32cube.common.mx_6.10.0.202311202037\\db\/mcu/
2024-01-18 12:22:39,303 [INFO] ApiDb:274 - Set plugin database path to: C:\ST\STM32CubeIDE_1.14.0\STM32CubeIDE\plugins\com.st.stm32cube.common.mx_6.10.0.202311202037\\db\/plugins/boardmanager/
2024-01-18 12:22:39,303 [INFO] ApiDb:261 - Set plugin images path to: C:\ST\STM32CubeIDE_1.14.0\STM32CubeIDE\plugins\com.st.stm32cube.common.mx_6.10.0.202311202037\\db\/plugins/mcufinder/images/
2024-01-18 12:22:39,303 [WARN] DbFile:41 - Overriding database path with different value: C:\Users\Michal\.stmcufinder\plugins\mcufinder/ => C:\Users\Michal\.stmcufinder\plugins\mcufinder
2024-01-18 12:22:39,304 [INFO] ApiDb:250 - Set database path to: C:\Users\Michal\.stmcufinder\plugins\mcufinder//mcu/
2024-01-18 12:22:39,304 [WARN] DbFile:41 - Overriding database path with different value: C:\Users\Michal\.stmcufinder\plugins\mcufinder/ => C:\Users\Michal\.stmcufinder\plugins\mcufinder
2024-01-18 12:22:39,304 [INFO] DbMcusAds:125 - Set database path to: C:\Users\Michal\.stmcufinder\plugins\mcufinder//mcu/
2024-01-18 12:22:39,304 [WARN] DbFile:41 - Overriding database path with different value: C:\Users\Michal\.stmcufinder\plugins\mcufinder/ => C:\Users\Michal\.stmcufinder\plugins\mcufinder
2024-01-18 12:22:39,304 [WARN] DbFile:41 - Overriding database path with different value: C:\Users\Michal\.stmcufinder\plugins\mcufinder/ => C:\Users\Michal\.stmcufinder\plugins\mcufinder
2024-01-18 12:22:39,304 [INFO] CrossReferenceDbSqlite:203 - Set database path to: C:\Users\Michal\.stmcufinder\plugins\mcufinder//mcu/cs/
2024-01-18 12:22:39,338 [INFO] ApplicationProperties:184 - Using Application install path: C:\ST\STM32CubeIDE_1.14.0\STM32CubeIDE\plugins\com.st.stm32cube.common.mx_6.10.0.202311202037
2024-01-18 12:22:39,340 [INFO] PluginManage:196 - Search for loadable plugins [exclusion list=, ]
2024-01-18 12:22:39,342 [INFO] PluginManage:310 - Check plugin analytics
2024-01-18 12:22:39,621 [INFO] AnalyticsPlugin:253 - Accepted Software Licenses: 
2024-01-18 12:22:39,621 [INFO] AnalyticsPlugin:255 - Accepted CMSIS Pack Licenses: 
2024-01-18 12:22:39,622 [INFO] AnalyticsPlugin:257 - Accepted Firmware Licenses: FW.F7.1.17.0
2024-01-18 12:22:39,625 [INFO] PluginManage:359 - Loaded plugin analytics (category:tool,tabindex:-1)
2024-01-18 12:22:39,626 [INFO] PluginManage:310 - Check plugin cadmodel
2024-01-18 12:22:39,631 [INFO] CADModel:105 - Init CAD model plugin
2024-01-18 12:22:39,631 [INFO] PluginManage:359 - Loaded plugin cadmodel (category:power,tabindex:5)
2024-01-18 12:22:39,631 [INFO] PluginManage:310 - Check plugin clock
2024-01-18 12:22:39,643 [INFO] PluginManage:359 - Loaded plugin clock (category:base,tabindex:2)
2024-01-18 12:22:39,644 [INFO] PluginManage:310 - Check plugin ddr
2024-01-18 12:22:39,646 [INFO] PluginManage:359 - Loaded plugin ddr (category:tool,tabindex:6)
2024-01-18 12:22:39,646 [INFO] PluginManage:310 - Check plugin filemanager
2024-01-18 12:22:39,881 [INFO] PluginManage:359 - Loaded plugin filemanager (category:base,tabindex:10)
2024-01-18 12:22:39,881 [INFO] PluginManage:310 - Check plugin ipmanager
2024-01-18 12:22:39,894 [INFO] PluginManage:359 - Loaded plugin ipmanager (category:base,tabindex:5)
2024-01-18 12:22:39,894 [INFO] PluginManage:310 - Check plugin lpbam
2024-01-18 12:22:39,906 [INFO] PluginManage:359 - Loaded plugin lpbam (category:base,tabindex:0)
2024-01-18 12:22:39,907 [INFO] PluginManage:310 - Check plugin memorymap
2024-01-18 12:22:39,922 [INFO] PluginManage:359 - Loaded plugin memorymap (category:base,tabindex:4)
2024-01-18 12:22:39,923 [INFO] PluginManage:310 - Check plugin pinoutandconfiguration
2024-01-18 12:22:39,932 [INFO] PluginManage:359 - Loaded plugin pinoutandconfiguration (category:base,tabindex:1)
2024-01-18 12:22:39,932 [INFO] PluginManage:310 - Check plugin pinoutconfig
2024-01-18 12:22:40,050 [WARN] SupportedApi:132 - Cannot load RTOS API schema: s4s-elt-must-match.1: The content of 'definitions' must match (annotation?, (simpleType | complexType)?, (unique | key | keyref)*)). A problem was found starting at: attribute.
2024-01-18 12:22:40,254 [INFO] PluginManage:359 - Loaded plugin pinoutconfig (category:base,tabindex:0)
2024-01-18 12:22:40,255 [INFO] PluginManage:310 - Check plugin power
2024-01-18 12:22:40,279 [INFO] PluginManage:359 - Loaded plugin power (category:power,tabindex:4)
2024-01-18 12:22:40,280 [INFO] PluginManage:310 - Check plugin projectmanager
2024-01-18 12:22:40,311 [INFO] PluginManage:359 - Loaded plugin projectmanager (category:projectmanager,tabindex:3)
2024-01-18 12:22:40,311 [INFO] PluginManage:310 - Check plugin thirdparty
2024-01-18 12:22:40,493 [INFO] PluginManage:359 - Loaded plugin thirdparty (category:base,tabindex:-1)
2024-01-18 12:22:40,494 [INFO] PluginManage:310 - Check plugin tools
2024-01-18 12:22:40,493 [WARN] IntegrityCheckThread:84 - waiting for thirdparty lock release [integrity check]
2024-01-18 12:22:40,494 [INFO] IntegrityCheckThread:86 - entering critical section [integrity check]
2024-01-18 12:22:40,495 [INFO] ThirdPartyUpdaterWithRetryManager:70 - Updater plugin not ready yet. [1/15]
2024-01-18 12:22:40,498 [INFO] PluginManage:359 - Loaded plugin tools (category:base,tabindex:7)
2024-01-18 12:22:40,498 [INFO] PluginManage:310 - Check plugin tutovideos
2024-01-18 12:22:40,737 [INFO] PluginManage:359 - Loaded plugin tutovideos (category:base,tabindex:-1)
2024-01-18 12:22:40,738 [INFO] PluginManage:310 - Check plugin updater
2024-01-18 12:22:40,751 [INFO] PluginManage:359 - Loaded plugin updater (category:base,tabindex:12)
2024-01-18 12:22:40,751 [INFO] PluginManage:310 - Check plugin userauth
2024-01-18 12:22:40,758 [INFO] UserAuth:114 - Init User Auth plugin
2024-01-18 12:22:40,758 [INFO] PluginManage:359 - Loaded plugin userauth (category:base,tabindex:14)
2024-01-18 12:22:40,759 [INFO] PluginManage:283 - PluginManage : Loaded plugins [17]
2024-01-18 12:22:41,046 [INFO] PinOutPanel:1499 - setPackage(No Configuration,No Configuration)
2024-01-18 12:22:41,153 [INFO] CADModel:165 - CPN selected for project level
2024-01-18 12:22:41,154 [INFO] CADModel:114 - Register for checkConnection events
2024-01-18 12:22:41,174 [INFO] IPUIPlugin:80 - create IPUIPlugin
2024-01-18 12:22:41,174 [INFO] PluginManager:220 - loadIPPluginJar : add adc
2024-01-18 12:22:41,177 [INFO] IPUIPlugin:80 - create IPUIPlugin
2024-01-18 12:22:41,177 [INFO] PluginManager:220 - loadIPPluginJar : add aes
2024-01-18 12:22:41,180 [INFO] IPUIPlugin:80 - create IPUIPlugin
2024-01-18 12:22:41,181 [INFO] PluginManager:220 - loadIPPluginJar : add can
2024-01-18 12:22:41,183 [INFO] IPUIPlugin:80 - create IPUIPlugin
2024-01-18 12:22:41,183 [INFO] PluginManager:220 - loadIPPluginJar : add comp
2024-01-18 12:22:41,185 [INFO] IPUIPlugin:80 - create IPUIPlugin
2024-01-18 12:22:41,186 [INFO] PluginManager:220 - loadIPPluginJar : add cryp
2024-01-18 12:22:41,190 [INFO] IPUIPlugin:80 - create IPUIPlugin
2024-01-18 12:22:41,190 [INFO] PluginManager:220 - loadIPPluginJar : add dfsdm
2024-01-18 12:22:41,198 [INFO] IPUIPlugin:80 - create IPUIPlugin
2024-01-18 12:22:41,199 [INFO] PluginManager:220 - loadIPPluginJar : add dma
2024-01-18 12:22:41,203 [INFO] IPUIPlugin:80 - create IPUIPlugin
2024-01-18 12:22:41,203 [INFO] PluginManager:220 - loadIPPluginJar : add dma3
2024-01-18 12:22:41,205 [INFO] IPUIPlugin:80 - create IPUIPlugin
2024-01-18 12:22:41,205 [INFO] PluginManager:220 - loadIPPluginJar : add fatfs
2024-01-18 12:22:41,211 [INFO] IPUIPlugin:80 - create IPUIPlugin
2024-01-18 12:22:41,211 [INFO] PluginManager:220 - loadIPPluginJar : add fmc
2024-01-18 12:22:41,217 [INFO] IPUIPlugin:80 - create IPUIPlugin
2024-01-18 12:22:41,217 [INFO] PluginManager:220 - loadIPPluginJar : add freertos
2024-01-18 12:22:41,219 [INFO] IPUIPlugin:80 - create IPUIPlugin
2024-01-18 12:22:41,219 [INFO] PluginManager:220 - loadIPPluginJar : add genericplugin
2024-01-18 12:22:41,222 [INFO] IPUIPlugin:80 - create IPUIPlugin
2024-01-18 12:22:41,222 [INFO] PluginManager:220 - loadIPPluginJar : add gfxmmu
2024-01-18 12:22:41,228 [INFO] IPUIPlugin:80 - create IPUIPlugin
2024-01-18 12:22:41,228 [INFO] PluginManager:220 - loadIPPluginJar : add gic
2024-01-18 12:22:41,233 [INFO] IPUIPlugin:80 - create IPUIPlugin
2024-01-18 12:22:41,233 [INFO] PluginManager:220 - loadIPPluginJar : add gpio
2024-01-18 12:22:41,236 [INFO] IPUIPlugin:80 - create IPUIPlugin
2024-01-18 12:22:41,237 [INFO] PluginManager:220 - loadIPPluginJar : add gtzc
2024-01-18 12:22:41,239 [INFO] IPUIPlugin:80 - create IPUIPlugin
2024-01-18 12:22:41,240 [INFO] PluginManager:220 - loadIPPluginJar : add hash
2024-01-18 12:22:41,243 [INFO] IPUIPlugin:80 - create IPUIPlugin
2024-01-18 12:22:41,243 [INFO] PluginManager:220 - loadIPPluginJar : add i2c
2024-01-18 12:22:41,245 [INFO] IPUIPlugin:80 - create IPUIPlugin
2024-01-18 12:22:41,246 [INFO] PluginManager:220 - loadIPPluginJar : add i2s
2024-01-18 12:22:41,249 [INFO] IPUIPlugin:80 - create IPUIPlugin
2024-01-18 12:22:41,249 [INFO] PluginManager:220 - loadIPPluginJar : add i3c
2024-01-18 12:22:41,253 [INFO] IPUIPlugin:80 - create IPUIPlugin
2024-01-18 12:22:41,253 [INFO] PluginManager:220 - loadIPPluginJar : add ipddr
2024-01-18 12:22:41,261 [INFO] IPUIPlugin:80 - create IPUIPlugin
2024-01-18 12:22:41,261 [INFO] PluginManager:220 - loadIPPluginJar : add linkedlist
2024-01-18 12:22:41,265 [INFO] IPUIPlugin:80 - create IPUIPlugin
2024-01-18 12:22:41,265 [INFO] PluginManager:220 - loadIPPluginJar : add lorawan
2024-01-18 12:22:41,267 [INFO] IPUIPlugin:80 - create IPUIPlugin
2024-01-18 12:22:41,267 [INFO] PluginManager:220 - loadIPPluginJar : add ltdc
2024-01-18 12:22:41,275 [INFO] IPUIPlugin:80 - create IPUIPlugin
2024-01-18 12:22:41,275 [INFO] PluginManager:220 - loadIPPluginJar : add mdma
2024-01-18 12:22:41,279 [INFO] IPUIPlugin:80 - create IPUIPlugin
2024-01-18 12:22:41,279 [INFO] PluginManager:220 - loadIPPluginJar : add nvic
2024-01-18 12:22:41,283 [INFO] IPUIPlugin:80 - create IPUIPlugin
2024-01-18 12:22:41,283 [INFO] PluginManager:220 - loadIPPluginJar : add opamp
2024-01-18 12:22:41,286 [INFO] IPUIPlugin:80 - create IPUIPlugin
2024-01-18 12:22:41,287 [INFO] PluginManager:220 - loadIPPluginJar : add openamp
2024-01-18 12:22:41,290 [INFO] IPUIPlugin:80 - create IPUIPlugin
2024-01-18 12:22:41,290 [INFO] PluginManager:220 - loadIPPluginJar : add pdm2pcm
2024-01-18 12:22:41,298 [INFO] IPUIPlugin:80 - create IPUIPlugin
2024-01-18 12:22:41,301 [INFO] PluginManager:220 - loadIPPluginJar : add plateformsettings
2024-01-18 12:22:41,303 [INFO] IPUIPlugin:80 - create IPUIPlugin
2024-01-18 12:22:41,303 [INFO] PluginManager:220 - loadIPPluginJar : add quadspi
2024-01-18 12:22:41,307 [INFO] IPUIPlugin:80 - create IPUIPlugin
2024-01-18 12:22:41,308 [INFO] PluginManager:220 - loadIPPluginJar : add resmgrutility
2024-01-18 12:22:41,312 [INFO] IPUIPlugin:80 - create IPUIPlugin
2024-01-18 12:22:41,313 [INFO] PluginManager:220 - loadIPPluginJar : add sai
2024-01-18 12:22:41,316 [INFO] IPUIPlugin:80 - create IPUIPlugin
2024-01-18 12:22:41,316 [INFO] PluginManager:220 - loadIPPluginJar : add spi
2024-01-18 12:22:41,322 [INFO] IPUIPlugin:80 - create IPUIPlugin
2024-01-18 12:22:41,322 [INFO] PluginManager:220 - loadIPPluginJar : add stm32_wpan
2024-01-18 12:22:41,324 [INFO] IPUIPlugin:80 - create IPUIPlugin
2024-01-18 12:22:41,324 [INFO] PluginManager:220 - loadIPPluginJar : add tim
2024-01-18 12:22:41,328 [INFO] IPUIPlugin:80 - create IPUIPlugin
2024-01-18 12:22:41,328 [INFO] PluginManager:220 - loadIPPluginJar : add touchsensing
2024-01-18 12:22:41,330 [INFO] IPUIPlugin:80 - create IPUIPlugin
2024-01-18 12:22:41,330 [INFO] PluginManager:220 - loadIPPluginJar : add tracer_emb
2024-01-18 12:22:41,332 [INFO] IPUIPlugin:80 - create IPUIPlugin
2024-01-18 12:22:41,333 [INFO] PluginManager:220 - loadIPPluginJar : add ts
2024-01-18 12:22:41,334 [INFO] IPUIPlugin:80 - create IPUIPlugin
2024-01-18 12:22:41,335 [INFO] PluginManager:220 - loadIPPluginJar : add tsc
2024-01-18 12:22:41,336 [INFO] IPUIPlugin:80 - create IPUIPlugin
2024-01-18 12:22:41,337 [INFO] PluginManager:220 - loadIPPluginJar : add ucpd
2024-01-18 12:22:41,340 [INFO] IPUIPlugin:80 - create IPUIPlugin
2024-01-18 12:22:41,340 [INFO] PluginManager:220 - loadIPPluginJar : add usart
2024-01-18 12:22:41,343 [INFO] IPUIPlugin:80 - create IPUIPlugin
2024-01-18 12:22:41,343 [INFO] PluginManager:220 - loadIPPluginJar : add usbx
2024-01-18 12:22:41,504 [INFO] CADModel:165 - CPN selected for project level
2024-01-18 12:22:41,505 [INFO] CADModel:114 - Register for checkConnection events
2024-01-18 12:22:41,505 [FATAL] Updater:308 - Updater called before beeing initialized
2024-01-18 12:22:41,505 [ERROR] CADModel:125 - Updater not yet initialized, retry later 
2024-01-18 12:22:41,741 [INFO] CADModel:165 - CPN selected for project level
2024-01-18 12:22:41,741 [INFO] CADModel:114 - Register for checkConnection events
2024-01-18 12:22:41,742 [FATAL] Updater:308 - Updater called before beeing initialized
2024-01-18 12:22:41,742 [ERROR] CADModel:125 - Updater not yet initialized, retry later 
2024-01-18 12:22:41,746 [FATAL] Updater:308 - Updater called before beeing initialized
2024-01-18 12:22:41,904 [FATAL] Updater:308 - Updater called before beeing initialized
2024-01-18 12:22:41,910 [INFO] DbMcusAds:53 - JSON generation date=Wed Nov 29 11:52:27 CET 2023 (1701255147349)
2024-01-18 12:22:41,910 [FATAL] Updater:308 - Updater called before beeing initialized
2024-01-18 12:22:41,970 [WARN] DetailPanel:346 - Failed to get advertising image, set to default
2024-01-18 12:22:42,146 [FATAL] Updater:308 - Updater called before beeing initialized
2024-01-18 12:22:42,156 [FATAL] Updater:308 - Updater called before beeing initialized
2024-01-18 12:22:42,156 [FATAL] Updater:308 - Updater called before beeing initialized
2024-01-18 12:22:42,156 [WARN] DetailPanel:346 - Failed to get advertising image, set to default
2024-01-18 12:22:42,157 [FATAL] Updater:308 - Updater called before beeing initialized
2024-01-18 12:22:42,234 [ERROR] Updater:1120 - MainUpdater not yet initialized. External WinMGr cannot be set.
2024-01-18 12:22:42,237 [INFO] Updater:1056 - Updater Version found : 6.10.0
2024-01-18 12:22:42,260 [INFO] ApplicationProperties:184 - Using Application install path: C:\ST\STM32CubeIDE_1.14.0\STM32CubeIDE\plugins\com.st.stm32cube.common.mx_6.10.0.202311202037
2024-01-18 12:22:43,497 [INFO] ThirdPartyUpdaterWithRetryManager:70 - Updater plugin not ready yet. [2/15]
2024-01-18 12:22:43,846 [ERROR] LogOutputStream:75 - [STDERR_REDIRECT] Jan 18, 2024 12:22:43 PM java.util.prefs.WindowsPreferences <init>
2024-01-18 12:22:43,850 [ERROR] LogOutputStream:75 - [STDERR_REDIRECT] WARNING: Could not open/create prefs root node Software\JavaSoft\Prefs at root 0xffffffff80000002. Windows RegCreateKeyEx(...) returned error code 5.
2024-01-18 12:22:43,850 [ERROR] LogOutputStream:75 - [STDERR_REDIRECT] 
2024-01-18 12:22:44,428 [INFO] MainUpdater:2873 - connection check result : 10
2024-01-18 12:22:44,429 [INFO] MainUpdater:290 - Updater Check For Update Now.
2024-01-18 12:22:44,430 [INFO] MicroXplorer:498 - Change Database Version : DB.6.0.100
2024-01-18 12:22:44,438 [INFO] McuFinderGlobals:63 - Set McuFinder mode to 2 (CubeIDE integrated)
2024-01-18 12:22:44,691 [INFO] CheckServerUpdateThread:120 - End of CheckServer Thread
2024-01-18 12:22:44,891 [INFO] UserAuth:404 - Internet connection configuration mode: 1
2024-01-18 12:22:44,906 [INFO] JxBrowserEngine:152 - Initiate JxBrowser Engine with user profile folder
2024-01-18 12:22:45,617 [INFO] WebApp:161 - Instantiating new browser for Auth
2024-01-18 12:22:46,319 [INFO] WebApp:780 - Register for checkConnection events
2024-01-18 12:22:46,320 [INFO] WebApp:414 - Apply proxy settings
2024-01-18 12:22:46,320 [INFO] WebApp:499 - Chromium requires no authentication
2024-01-18 12:22:46,329 [INFO] WebApp:442 - Direct internet connection detected
2024-01-18 12:22:46,573 [INFO] WebApp:192 - Starting web application
2024-01-18 12:22:46,573 [INFO] WebApp:544 - Web application path used C:\ST\STM32CubeIDE_1.14.0\STM32CubeIDE\plugins\com.st.stm32cube.common.mx_6.10.0.202311202037\db\plugins\mcufinder\reactClient1\index.html
2024-01-18 12:22:46,817 [WARN] PackLoader:240 - Cannot read IP mode file for STMicroelectronics.X-CUBE-SMBUS.2.1.0
2024-01-18 12:22:46,829 [WARN] PackLoader:240 - Cannot read IP mode file for STMicroelectronics.X-CUBE-TOUCHGFX.4.23.0
2024-01-18 12:22:46,912 [WARN] PackLoader:240 - Cannot read IP mode file for STMicroelectronics.X-CUBE-AZRTOS-F7.1.1.0
2024-01-18 12:22:46,955 [WARN] PackLoader:240 - Cannot read IP mode file for STMicroelectronics.FP-SNS-MOTENV1.4.3.2
2024-01-18 12:22:46,970 [WARN] PackLoader:240 - Cannot read IP mode file for STMicroelectronics.FP-SNS-FLIGHT1.5.0.2
2024-01-18 12:22:46,994 [WARN] PackLoader:240 - Cannot read IP mode file for STMicroelectronics.X-CUBE-DISPLAY.3.0.0
2024-01-18 12:22:47,015 [WARN] PackLoader:240 - Cannot read IP mode file for STMicroelectronics.X-CUBE-BLE1.7.0.0
2024-01-18 12:22:47,024 [WARN] PackLoader:240 - Cannot read IP mode file for emotas.I-CUBE-CANOPEN.1.3.0
2024-01-18 12:22:47,032 [WARN] PackLoader:240 - Cannot read IP mode file for STMicroelectronics.FP-SNS-SMARTAG2.1.2.0
2024-01-18 12:22:47,054 [INFO] LogOutputStream:77 - [STDOUT_REDIRECT] 1 : Invalid condition id : UX_CORESTACK_Condition cause : null
2024-01-18 12:22:47,055 [INFO] LogOutputStream:77 - [STDOUT_REDIRECT] 1 : Invalid condition id : UX_CORESTACK_Condition cause : null
2024-01-18 12:22:47,057 [INFO] LogOutputStream:77 - [STDOUT_REDIRECT] 1 : Invalid condition id : UX_CORESTACK_Condition cause : null
2024-01-18 12:22:47,060 [INFO] LogOutputStream:77 - [STDOUT_REDIRECT] 1 : Invalid condition id : UX_CORESTACK_Condition cause : null
2024-01-18 12:22:47,063 [INFO] LogOutputStream:77 - [STDOUT_REDIRECT] 1 : Invalid condition id : UX_CORESTACK_Condition cause : null
2024-01-18 12:22:47,073 [WARN] PackLoader:240 - Cannot read IP mode file for STMicroelectronics.X-CUBE-AZRTOS-WL.2.0.0
2024-01-18 12:22:47,093 [WARN] PackLoader:240 - Cannot read IP mode file for WES.I-CUBE-Cesium.1.3.0
2024-01-18 12:22:47,104 [WARN] PackLoader:240 - Cannot read IP mode file for STMicroelectronics.X-CUBE-BLE2.3.3.0
2024-01-18 12:22:47,120 [WARN] PackLoader:240 - Cannot read IP mode file for STMicroelectronics.X-CUBE-ALGOBUILD.1.3.0
2024-01-18 12:22:47,154 [WARN] PackLoader:240 - Cannot read IP mode file for STMicroelectronics.X-CUBE-AZRTOS-G0.1.1.0
2024-01-18 12:22:47,168 [WARN] PackLoader:240 - Cannot read IP mode file for STMicroelectronics.X-CUBE-NFC4.3.0.0
2024-01-18 12:22:47,184 [WARN] PackLoader:240 - Cannot read IP mode file for STMicroelectronics.X-CUBE-BLEMGR.3.0.0
2024-01-18 12:22:47,196 [WARN] PackLoader:240 - Cannot read IP mode file for STMicroelectronics.FP-ATR-SIGFOX1.3.2.0
2024-01-18 12:22:47,205 [WARN] PackLoader:240 - Cannot read IP mode file for STMicroelectronics.X-CUBE-GNSS1.6.0.0
2024-01-18 12:22:47,237 [WARN] PackLoader:240 - Cannot read IP mode file for STMicroelectronics.X-CUBE-AZRTOS-F4.1.1.0
2024-01-18 12:22:47,249 [WARN] PackLoader:240 - Cannot read IP mode file for wolfSSL.I-CUBE-wolfSSL.5.6.4
2024-01-18 12:22:47,278 [WARN] PackLoader:240 - Cannot read IP mode file for STMicroelectronics.X-CUBE-AZRTOS-L5.2.0.0
2024-01-18 12:22:47,294 [WARN] PackLoader:240 - Cannot read IP mode file for STMicroelectronics.X-CUBE-EEPRMA1.4.2.0
2024-01-18 12:22:47,302 [WARN] PackLoader:240 - Cannot read IP mode file for ITTIA_DB.I-CUBE-ITTIADB.8.8.0
2024-01-18 12:22:47,310 [WARN] PackLoader:240 - Cannot read IP mode file for STMicroelectronics.X-CUBE-NFC7.1.0.1
2024-01-18 12:22:47,321 [WARN] PackLoader:240 - Cannot read IP mode file for STMicroelectronics.X-CUBE-NFC6.3.0.0
2024-01-18 12:22:47,331 [WARN] PackLoader:240 - Cannot read IP mode file for STMicroelectronics.X-CUBE-AI.8.1.0
2024-01-18 12:22:47,366 [WARN] ConditionMgr:438 - getConditionDescription Invalid condition id : LAN8742 Phy interface Condition cause : null
2024-01-18 12:22:47,366 [WARN] PackLoader:240 - Cannot read IP mode file for STMicroelectronics.X-CUBE-AZRTOS-L4.2.0.0
2024-01-18 12:22:47,369 [WARN] ConditionMgr:1039 - genDependencies : Invalid condition id : LAN8742 Phy interface Condition cause : null
2024-01-18 12:22:47,370 [WARN] ConditionMgr:1039 - genDependencies : Invalid condition id : LAN8742 Phy interface Condition cause : null
2024-01-18 12:22:47,370 [WARN] ConditionMgr:1039 - genDependencies : Invalid condition id : LAN8742 Phy interface Condition cause : null
2024-01-18 12:22:47,380 [WARN] PackLoader:240 - Cannot read IP mode file for STMicroelectronics.X-CUBE-SFXS2LP1.4.0.0
2024-01-18 12:22:47,405 [WARN] ConditionMgr:438 - getConditionDescription Invalid condition id : UX DEVICE CLASS RTOS Condition cause : null
2024-01-18 12:22:47,405 [WARN] ConditionMgr:438 - getConditionDescription Invalid condition id : UX DEVICE CLASS RTOS Condition cause : null
2024-01-18 12:22:47,409 [WARN] PackLoader:240 - Cannot read IP mode file for STMicroelectronics.X-CUBE-AZRTOS-WB.2.0.0
2024-01-18 12:22:47,411 [WARN] ConditionMgr:1039 - genDependencies : Invalid condition id : UX DEVICE CLASS RTOS Condition cause : null
2024-01-18 12:22:47,411 [WARN] ConditionMgr:1039 - genDependencies : Invalid condition id : UX DEVICE CLASS RTOS Condition cause : null
2024-01-18 12:22:47,412 [WARN] ConditionMgr:1039 - genDependencies : Invalid condition id : UX DEVICE CLASS RTOS Condition cause : null
2024-01-18 12:22:47,412 [WARN] ConditionMgr:1039 - genDependencies : Invalid condition id : UX DEVICE CLASS RTOS Condition cause : null
2024-01-18 12:22:47,412 [WARN] ConditionMgr:1039 - genDependencies : Invalid condition id : UX DEVICE CLASS RTOS Condition cause : null
2024-01-18 12:22:47,428 [WARN] PackLoader:240 - Cannot read IP mode file for STMicroelectronics.X-CUBE-SUBG2.5.0.0
2024-01-18 12:22:47,454 [WARN] PackLoader:240 - Cannot read IP mode file for STMicroelectronics.X-CUBE-AZRTOS-G4.2.0.0
2024-01-18 12:22:47,473 [WARN] PackLoader:240 - Cannot read IP mode file for Infineon.AIROC-Wi-Fi-Bluetooth-STM32.1.5.1
2024-01-18 12:22:47,483 [WARN] PackLoader:240 - Cannot read IP mode file for STMicroelectronics.FP-SNS-MOTENVWB1.1.3.1
2024-01-18 12:22:47,490 [WARN] PackLoader:240 - Cannot read IP mode file for STMicroelectronics.X-CUBE-ISPU.2.0.0
2024-01-18 12:22:47,541 [WARN] PackLoader:240 - Cannot read IP mode file for STMicroelectronics.X-CUBE-MEMS1.10.0.0
2024-01-18 12:22:47,730 [WARN] PackLoader:240 - Cannot read IP mode file for STMicroelectronics.X-CUBE-FREERTOS.1.1.0
2024-01-18 12:22:47,737 [WARN] PackLoader:240 - Cannot read IP mode file for portGmbH.I-Cube-SoM-uGOAL.1.1.0
2024-01-18 12:22:47,748 [WARN] PackLoader:240 - Cannot read IP mode file for STMicroelectronics.X-CUBE-ALS.1.0.1
2024-01-18 12:22:47,755 [WARN] PackLoader:240 - Cannot read IP mode file for STMicroelectronics.FP-ATR-ASTRA1.2.0.0
2024-01-18 12:22:47,769 [WARN] PackLoader:240 - Cannot read IP mode file for STMicroelectronics.X-CUBE-TOF1.3.4.0
2024-01-18 12:22:47,811 [WARN] PackLoader:240 - Cannot read IP mode file for STMicroelectronics.X-CUBE-AZRTOS-H7.3.2.0
2024-01-18 12:22:47,816 [INFO] ThirdParty:978 - Integrity check success = true
2024-01-18 12:22:47,816 [INFO] IntegrityCheckThread:100 - exiting critical section [integrity check]
2024-01-18 12:22:47,816 [INFO] IntegrityCheckThread:103 - End integrity checks thread
2024-01-18 12:23:07,526 [ERROR] LogOutputStream:75 - [STDERR_REDIRECT] SLF4J: Failed to load class "org.slf4j.impl.StaticLoggerBinder".
2024-01-18 12:23:07,529 [ERROR] LogOutputStream:75 - [STDERR_REDIRECT] SLF4J: Defaulting to no-operation (NOP) logger implementation
2024-01-18 12:23:07,531 [ERROR] LogOutputStream:75 - [STDERR_REDIRECT] SLF4J: See http://www.slf4j.org/codes.html#StaticLoggerBinder for further details.
2024-01-18 12:23:12,942 [ERROR] LogOutputStream:75 - [STDERR_REDIRECT] 
2024-01-18 12:23:12,944 [ERROR] LogOutputStream:75 - [STDERR_REDIRECT] 
